<?xml version="1.0" encoding="UTF-8"?>
<testng-results ignored="0" total="1" passed="1" failed="0" skipped="0">
  <reporter-output>
  </reporter-output>
  <suite started-at="2022-10-21T11:23:11 IST" name="Suite" finished-at="2022-10-21T11:23:19 IST" duration-ms="7731">
    <groups>
    </groups>
    <test started-at="2022-10-21T11:23:11 IST" name="Test" finished-at="2022-10-21T11:23:19 IST" duration-ms="7731">
      <class name="Sample.Percy_Sample_Project.App">
        <test-method is-config="true" signature="testing()[pri:0, instance:Sample.Percy_Sample_Project.App@4fb3ee4e]" started-at="2022-10-21T11:23:11 IST" name="testing" finished-at="2022-10-21T11:23:14 IST" duration-ms="3221" status="PASS">
          <reporter-output>
          </reporter-output>
        </test-method> <!-- testing -->
        <test-method signature="test()[pri:0, instance:Sample.Percy_Sample_Project.App@4fb3ee4e]" started-at="2022-10-21T11:23:14 IST" name="test" finished-at="2022-10-21T11:23:19 IST" duration-ms="4476" status="PASS">
          <reporter-output>
          </reporter-output>
        </test-method> <!-- test -->
      </class> <!-- Sample.Percy_Sample_Project.App -->
    </test> <!-- Test -->
  </suite> <!-- Suite -->
</testng-results>
